Microsoft (R) Macro Assembler Version 14.27.29112.0	    11/29/20 06:18:55
<Designing Low-Level I/O Procedures & Macros     (Proj6_thom  Page 1 - 1


				TITLE Designing Low-Level I/O Procedures & Macros     (Proj6_thompsti.asm)

				; Author: Tim Thompson
				; Last Modified: 11/28/20
				; OSU email address: thompsti@oregonstate.edu
				; Course number/section:   CS271 Section 400
				; Project Number:       6         Due Date: 12/6/20
				; Description:	This program will request and obtain 10 signed decimal integers from the user.
				;				Each number is validated to ensure that it is small enough to fit inside a
				;				32 bit register. Once the 10 raw numbers have been inputted and validated, a
				;				list of the numbers that the user entered is displayed. The program will then
				;				compute the sum of the numbers, and their rounded average, and the results of
				;				these computations are then displayed to the user. Finally, a goodbye message
				;				is displayed.

				INCLUDE Irvine32.inc
			      C ; Include file for Irvine32.lib             (Irvine32.inc)
			      C 
			      C ;OPTION CASEMAP:NONE		; optional: make identifiers case-sensitive
			      C 
			      C INCLUDE SmallWin.inc		; MS-Windows prototypes, structures, and constants
			      C .NOLIST
			      C .LIST
			      C 
			      C INCLUDE VirtualKeys.inc
			      C ; VirtualKeys.inc
			      C .NOLIST
			      C .LIST
			      C 
			      C 
			      C .NOLIST
			      C .LIST
			      C 

				; ---------------------------------------------------------------------
				; Name: mGetString
				;
				; Prompt user to provide a signed integer number that fits inside a
				; SDWORD and then store user input as string.
				;
				; Preconditions:	Prompt is initialized and is a BYTE array containing
				;					the user prompt to display. inputBuffer is initialized
				;					and is a BYTE array. inputBufferLength is initialized
				;					and is a DWORD. maxBufferSize is initialized and is
				;					a DWORD.
				;
				; Postconditions: None.
				;
				; Receives:
				;		prompt = address of user prompt to display.
				;		inputBuffer = address of buffer array to store user input.
				;		inputBufferLength = address of buffer size to store input length.
				;		maxBufferSize = value of max buffer size.
				;
				; Returns:
				;		inputBuffer contains string of number entered by user.
				;		inputBufferLength contains length of string entered by user.
				; ---------------------------------------------------------------------
				mGetString	MACRO prompt:REQ, inputBuffer:REQ, inputBufferLength:REQ, maxBufferSize:REQ
					PUSHAD

					; Prompt user for signed integer number
					MOV		EDX, prompt
					CALL	WriteString

					; Store user input
					MOV		EDX, inputBuffer
					MOV		ECX, maxBufferSize
					CALL	ReadString

					; Store size of user input
					MOV		[inputBufferLength], EAX

					POPAD
				ENDM

				; ---------------------------------------------------------------------
				; Name: mDisplayString
				;
				; Reads string of ASCII digits in buffer and then displays the string
				; to the console.
				;
				; Preconditions:	outputBuffer is an address pointing to a BYTE array
				;					containing the string of ASCII digits to display.
				;
				; Postconditions: None.
				;
				; Receives:
				;		outputBuffer = address of array containing string of digits.
				;
				; Returns: None.
				; ---------------------------------------------------------------------
				mDisplayString	MACRO outputBuffer:REQ
					PUSH	EDX

					; Display number
					MOV		EDX, outputBuffer
					CALL	WriteString

					POP		EDX
				ENDM

 =-80000000				MINVALIDVAL = -2147483648
 = 7FFFFFFF				MAXVALIDVAL = 2147483647
 = 0000000A				NUMCOUNT = 10
 = 0000000F				MAXBUFFERSIZE = 15

 00000000			.data

 00000000 44 65 73 69 67		introMessage	BYTE	"Designing Low-Level I/O Procedures & Macros by Tim Thompson",13,10,13,10
	   6E 69 6E 67 20
	   4C 6F 77 2D 4C
	   65 76 65 6C 20
	   49 2F 4F 20 50
	   72 6F 63 65 64
	   75 72 65 73 20
	   26 20 4D 61 63
	   72 6F 73 20 62
	   79 20 54 69 6D
	   20 54 68 6F 6D
	   70 73 6F 6E 0D
	   0A 0D 0A
 0000003F  50 6C 65 61 73						BYTE	"Please provide 10 signed decimal integers.",13,10
	   65 20 70 72 6F
	   76 69 64 65 20
	   31 30 20 73 69
	   67 6E 65 64 20
	   64 65 63 69 6D
	   61 6C 20 69 6E
	   74 65 67 65 72
	   73 2E 0D 0A
 0000006B  45 61 63 68 20						BYTE	"Each number needs to be capable of fitting inside a 32 bit register. After you have finished entering",13,10
	   6E 75 6D 62 65
	   72 20 6E 65 65
	   64 73 20 74 6F
	   20 62 65 20 63
	   61 70 61 62 6C
	   65 20 6F 66 20
	   66 69 74 74 69
	   6E 67 20 69 6E
	   73 69 64 65 20
	   61 20 33 32 20
	   62 69 74 20 72
	   65 67 69 73 74
	   65 72 2E 20 41
	   66 74 65 72 20
	   79 6F 75 20 68
	   61 76 65 20 66
	   69 6E 69 73 68
	   65 64 20 65 6E
	   74 65 72 69 6E
	   67 0D 0A
 000000D2  74 68 65 20 72						BYTE	"the raw numbers, I will display a list of the integers, their sum, and their average value.",13,10,13,10,0
	   61 77 20 6E 75
	   6D 62 65 72 73
	   2C 20 49 20 77
	   69 6C 6C 20 64
	   69 73 70 6C 61
	   79 20 61 20 6C
	   69 73 74 20 6F
	   66 20 74 68 65
	   20 69 6E 74 65
	   67 65 72 73 2C
	   20 74 68 65 69
	   72 20 73 75 6D
	   2C 20 61 6E 64
	   20 74 68 65 69
	   72 20 61 76 65
	   72 61 67 65 20
	   76 61 6C 75 65
	   2E 0D 0A 0D 0A
	   00
 00000132 0D 0A 0D 0A 53		goodbyeMessage	BYTE	13,10,13,10,"So long and thanks for all the knowledge! Wonderful class.",13,10,0
	   6F 20 6C 6F 6E
	   67 20 61 6E 64
	   20 74 68 61 6E
	   6B 73 20 66 6F
	   72 20 61 6C 6C
	   20 74 68 65 20
	   6B 6E 6F 77 6C
	   65 64 67 65 21
	   20 57 6F 6E 64
	   65 72 66 75 6C
	   20 63 6C 61 73
	   73 2E 0D 0A 00
 00000173 50 6C 65 61 73		numberPrompt	BYTE	"Please enter a signed number: ",0
	   65 20 65 6E 74
	   65 72 20 61 20
	   73 69 67 6E 65
	   64 20 6E 75 6D
	   62 65 72 3A 20
	   00
 00000192 45 52 52 4F 52		errorMessage	BYTE	"ERROR: Your number was too big, you did not enter a signed number, or your entry was blank. Please try again.",13,10,0
	   3A 20 59 6F 75
	   72 20 6E 75 6D
	   62 65 72 20 77
	   61 73 20 74 6F
	   6F 20 62 69 67
	   2C 20 79 6F 75
	   20 64 69 64 20
	   6E 6F 74 20 65
	   6E 74 65 72 20
	   61 20 73 69 67
	   6E 65 64 20 6E
	   75 6D 62 65 72
	   2C 20 6F 72 20
	   79 6F 75 72 20
	   65 6E 74 72 79
	   20 77 61 73 20
	   62 6C 61 6E 6B
	   2E 20 50 6C 65
	   61 73 65 20 74
	   72 79 20 61 67
	   61 69 6E 2E 0D
	   0A 00
 00000202 0D 0A 59 6F 75		resultPrompt1	BYTE	13,10,"You entered these numbers:",13,10,0
	   20 65 6E 74 65
	   72 65 64 20 74
	   68 65 73 65 20
	   6E 75 6D 62 65
	   72 73 3A 0D 0A
	   00
 00000221 0D 0A 0D 0A 54		sumTotalMsg		BYTE	13,10,13,10,"The sum of these numbers is: ",0
	   68 65 20 73 75
	   6D 20 6F 66 20
	   74 68 65 73 65
	   20 6E 75 6D 62
	   65 72 73 20 69
	   73 3A 20 00
 00000243 0D 0A 0D 0A 54		roundedAvgMsg	BYTE	13,10,13,10,"The rounded average of these numbers is: ",0
	   68 65 20 72 6F
	   75 6E 64 65 64
	   20 61 76 65 72
	   61 67 65 20 6F
	   66 20 74 68 65
	   73 65 20 6E 75
	   6D 62 65 72 73
	   20 69 73 3A 20
	   00
 00000271  0000000F [			buffer			BYTE	MAXBUFFERSIZE DUP(?)
	    00
	   ]
 00000280 00000000			bufferSize		DWORD	0
 00000284 00000000			isNumberValid	DWORD	0
 00000288  0000000A [			validatedNums	SDWORD	NUMCOUNT DUP(?)
	    00000000
	   ]
 000002B0 00000000			sumTotal		SDWORD	0
 000002B4 00000000			numAvg			SDWORD	0

 00000000			.code
 00000000			main PROC

					; Introduce program to user and display instructions
 00000000  68 00000000 R		PUSH	OFFSET introMessage
 00000005  E8 00000102			CALL	ShowMessage

					; Obtain values from user
 0000000A  B9 0000000A			MOV		ECX, NUMCOUNT
 0000000F			_GetValue:
					; Get first address of validatedNums that is empty to store number in
 0000000F  B8 0000000A			MOV		EAX, NUMCOUNT
 00000014  8B D9			MOV		EBX, ECX
 00000016  2B C3			SUB		EAX, EBX
 00000018  BB 00000004			MOV		EBX, 4
 0000001D  F7 E3			MUL		EBX
 0000001F  BE 00000288 R		MOV		ESI, OFFSET validatedNums
 00000024  03 F0			ADD		ESI, EAX

					; Request signed integer number from user
 00000026  6A 0F			PUSH	MAXBUFFERSIZE
 00000028  56				PUSH	ESI
 00000029  68 80000000			PUSH	MINVALIDVAL
 0000002E  68 7FFFFFFF			PUSH	MAXVALIDVAL
 00000033  68 00000192 R		PUSH	OFFSET errorMessage
 00000038  68 00000284 R		PUSH	OFFSET isNumberValid
 0000003D  68 00000173 R		PUSH	OFFSET numberPrompt
 00000042  68 00000271 R		PUSH	OFFSET buffer
 00000047  68 00000280 R		PUSH	OFFSET bufferSize
 0000004C  E8 000000CC			CALL	ReadVal

 00000051  E2 BC			LOOP	_GetValue

					; Notify user that they have entered numbers which are about to be written
 00000053  68 00000202 R		PUSH	OFFSET resultPrompt1
 00000058  E8 000000AF			CALL	ShowMessage
					
					; Write values to console
 0000005D  B9 0000000A			MOV		ECX, NUMCOUNT
 00000062			_WriteValue:
					; Get address of next number to write to console
 00000062  B8 0000000A			MOV		EAX, NUMCOUNT
 00000067  8B D9			MOV		EBX, ECX
 00000069  2B C3			SUB		EAX, EBX
 0000006B  BB 00000004			MOV		EBX, 4
 00000070  F7 E3			MUL		EBX
 00000072  BE 00000288 R		MOV		ESI, OFFSET validatedNums
 00000077  03 F0			ADD		ESI, EAX

					; If value to write isn't first one to show, add spacing before number
 00000079  83 F9 0A			CMP		ECX, NUMCOUNT
 0000007C  74 0E			JZ		_ShowNumber
 0000007E  B0 2C			MOV		AL, ','
 00000080  E8 00000000 E		CALL	WriteChar
 00000085  B0 20			MOV		AL, ' '
 00000087  E8 00000000 E		CALL	WriteChar

 0000008C			_ShowNumber:
					; Write value to console
 0000008C  FF 36			PUSH	[ESI]
 0000008E  68 00000271 R		PUSH	OFFSET buffer
 00000093  E8 000001A9			CALL	WriteVal

 00000098  E2 C8			LOOP	_WriteValue

					; Calculate sum total of validated numbers
 0000009A  68 000002B0 R		PUSH	OFFSET sumTotal
 0000009F  68 00000288 R		PUSH	OFFSET validatedNums
 000000A4  6A 0A			PUSH	NUMCOUNT
 000000A6  E8 0000022E			CALL	CalculateSum

					; Display sum total message
 000000AB  68 00000221 R		PUSH	OFFSET sumTotalMsg
 000000B0  E8 00000057			CALL	ShowMessage

					; Display sum total of validated numbers
 000000B5  FF 35 000002B0 R		PUSH	sumTotal
 000000BB  68 00000271 R		PUSH	OFFSET buffer
 000000C0  68 00000280 R		PUSH	OFFSET bufferSize
 000000C5  E8 00000177			CALL	WriteVal

					; Calculate rounded average of validated numbers
 000000CA  68 000002B4 R		PUSH	OFFSET numAvg
 000000CF  FF 35 000002B0 R		PUSH	sumTotal
 000000D5  6A 0A			PUSH	NUMCOUNT
 000000D7  E8 0000021D			CALL	CalculateAverage

					; Display rounded average message
 000000DC  68 00000243 R		PUSH	OFFSET roundedAvgMsg
 000000E1  E8 00000026			CALL	ShowMessage

					; Display rounded average of validated numbers
 000000E6  FF 35 000002B4 R		PUSH	numAvg
 000000EC  68 00000271 R		PUSH	OFFSET buffer
 000000F1  68 00000280 R		PUSH	OFFSET bufferSize
 000000F6  E8 00000146			CALL	WriteVal

					; Say goodbye to the user
 000000FB  68 00000132 R		PUSH	OFFSET goodbyeMessage
 00000100  E8 00000007			CALL	ShowMessage

					Invoke	ExitProcess,0	; Exit to operating system
 00000105  6A 00	   *	    push   +000000000h
 00000107  E8 00000000 E   *	    call   ExitProcess
 0000010C			main ENDP

				; ---------------------------------------------------------------------
				; Name: ShowMessage
				;
				; Displays a message to the console.
				;
				; Receives:
				;		[EBP+8] = address of message.
				; ---------------------------------------------------------------------
 0000010C			ShowMessage	PROC
 0000010C  55				PUSH	EBP
 0000010D  8B EC			MOV		EBP, ESP
 0000010F  52				PUSH	EDX

 00000110  8B 55 08			MOV		EDX, [EBP+8]
 00000113  E8 00000000 E		CALL	WriteString

 00000118  5A				POP		EDX
 00000119  5D				POP		EBP
 0000011A  C2 0004			RET		4
 0000011D			ShowMessage ENDP

				; ---------------------------------------------------------------------
				; Name: ReadVal
				;
				; Obtain a signed integer number from the user, validate that it is a
				; valid signed integer number which can fit in a 32 bit register, and
				; then store the validated number in an array. The length of the string
				; entered by the user is stored in bufferSize. If the number is invalid
				; then another number is requested from the user, until a valid number
				; is provided.
				;
				; Preconditions:	Buffer is a BYTE array, buffer size is a DWORD.
				;					User prompt is a BYTE array containing prompt to
				;					display to user. errorMessage is a BYTE array
				;					containing an error message to display to user
				;					if the number is invalid. Max and min valid values
				;					are	initialized to SDWORD upper and lower boundaries.
				;					validatedNums is a SDWORD array, initialized, and
				;					has capacity to accept another number. maxBufferSize
				;					contains the maximum length the input buffer accepts.
				;
				; Postconditions:	isNumberValid contains a 1 if the number entered
				;					by the user is valid, 0 if the number is invalid.
				;					buffer is populated with string of number input by user.
				;					bufferSize is populated with length of user inputted number.
				;
				; Receives:
				;		[EBP+8] = address of buffer size for user input.
				;		[EBP+12] = address of buffer for user input.
				;		[EBP+16] = address of user prompt.
				;		[EBP+20] = address of boolean value isNumberValid.
				;		[EBP+24] = address of error message for invalid entry.
				;		[EBP+28] = value of max valid value for number.
				;		[EBP+32] = value of min valid value for number.
				;		[EBP+36] = address of array to store validated numbers.
				;		[EBP+40] = value of max buffer size.
				;
				; Returns:
				;		validatedNums array contains number input by user.
				; ---------------------------------------------------------------------
 0000011D			ReadVal PROC
 0000011D  55				PUSH		EBP
 0000011E  8B EC			MOV			EBP, ESP
 00000120  60				PUSHAD

					; Get address of parameters to pass to macro
 00000121  8B 7D 08			MOV			EDI, [EBP+8]

 00000124			_GetNumber:
					; Call macro to get and store number input by user
					mGetString	[EBP+16], [EBP+12], EDI, [EBP+40]
 00000124  60		     1		PUSHAD
 00000125  8B 55 10	     1		MOV		EDX, [EBP+16]
 00000128  E8 00000000 E     1		CALL	WriteString
 0000012D  8B 55 0C	     1		MOV		EDX, [EBP+12]
 00000130  8B 4D 28	     1		MOV		ECX, [EBP+40]
 00000133  E8 00000000 E     1		CALL	ReadString
 00000138  89 07	     1		MOV		[EDI], EAX
 0000013A  61		     1		POPAD

					; Validate user input to ensure it is not empty and is a number
 0000013B  FF 75 14			PUSH		[EBP+20]
 0000013E  FF 75 0C			PUSH		[EBP+12]
 00000141  FF 75 08			PUSH		[EBP+8]
 00000144  E8 00000042			CALL		ValidateInput

					; Check if user input is a number, and if not, display error message
					; then prompt user to enter a number
 00000149  8B 75 14			MOV			ESI, [EBP+20]
 0000014C  8A 06			MOV			AL, [ESI]
 0000014E  3C 01			CMP			AL, 1
 00000150  74 0A			JZ			_CheckNumberSize
 00000152  FF 75 18			PUSH		[EBP+24]
 00000155  E8 FFFFFFB2			CALL		ShowMessage
 0000015A  EB C8			JMP			_GetNumber

 0000015C			_CheckNumberSize:
					; Validate number to ensure it fits in the boundaries of a SDWORD
 0000015C  FF 75 24			PUSH		[EBP+36]
 0000015F  FF 75 20			PUSH		[EBP+32]
 00000162  FF 75 1C			PUSH		[EBP+28]
 00000165  FF 75 14			PUSH		[EBP+20]
 00000168  FF 75 0C			PUSH		[EBP+12]
 0000016B  FF 75 08			PUSH		[EBP+8]
 0000016E  E8 00000057			CALL		ValidateNumber

					; Check if number is valid, and if not, display error message
					; then prompt user to enter another number
 00000173  8B 75 14			MOV			ESI, [EBP+20]
 00000176  8A 06			MOV			AL, [ESI]
 00000178  3C 01			CMP			AL, 1
 0000017A  74 0A			JZ			_DoneReadingValue
 0000017C  FF 75 18			PUSH		[EBP+24]
 0000017F  E8 FFFFFF88			CALL		ShowMessage
 00000184  EB 9E			JMP			_GetNumber

 00000186			_DoneReadingValue:
 00000186  61				POPAD
 00000187  5D				POP		EBP
 00000188  C2 0024			RET		36
 0000018B			ReadVal ENDP

				; ---------------------------------------------------------------------
				; Name: ValidateInput
				;
				; Validate the user input passed into the buffer. The user input stored
				; in buffer is checked to ensure it is not an empty string and it does
				; not have non-numeric characters in it other than an optional leading sign.
				;
				; Preconditions:	Buffer is a BYTE array, buffer size is a DWORD, and
				;					isValid is a BYTE. Buffer contains the string input
				;					by the user and buffer size contains the length of
				;					the string input by the user.
				;
				; Postconditions: None.
				;
				; Receives:
				;		[EBP+8] = address of buffer size for user input.
				;		[EBP+12] = address of buffer for user input.
				;		[EBP+16] = address of boolean value isValid.
				;
				; Returns:
				;		isValid as 1 if input is valid, 0 if input is invalid.
				; ---------------------------------------------------------------------
 0000018B			ValidateInput PROC
 0000018B  55				PUSH	EBP
 0000018C  8B EC			MOV		EBP, ESP
 0000018E  60				PUSHAD

					; Store parameters for validation
 0000018F  8B 5D 08			MOV		EBX, [EBP+8]
 00000192  8B 0B			MOV		ECX, [EBX]
 00000194  8B 75 0C			MOV		ESI, [EBP+12]
 00000197  8B 5D 10			MOV		EBX, [EBP+16]

					; Check if buffer is an empty string, and if so, validation is done
 0000019A  83 F9 00			CMP		ECX, 0
 0000019D  74 18			JZ		_ValidationFail

					; Check if any invalid characters are in user input
 0000019F  FC				CLD
 000001A0			_CheckUserInput:
 000001A0  AC				LODSB
 000001A1  3C 30			CMP		AL, 48
 000001A3  7C 08			JL		_CheckSign
 000001A5  3C 39			CMP		AL, 57
 000001A7  7F 04			JG		_CheckSign

 000001A9			_CheckSignPass:
 000001A9  E2 F5			LOOP	_CheckUserInput

					; If loop finishes and all characters are valid, validation is successful
 000001AB  EB 12			JMP		_ValidationSuccess

					; If ASCII character is less than 48, or greater than 58, check if it is + or -
					; If character is + or -, continue checking user input, otherwise validation is done
 000001AD			_CheckSign:
 000001AD  3C 2B			CMP		AL, 43
 000001AF  74 F8			JZ		_CheckSignPass
 000001B1  3C 2D			CMP		AL, 45
 000001B3  75 02			JNZ		_ValidationFail
 000001B5  EB F2			JMP		_CheckSignPass

 000001B7			_ValidationFail:
					; If any checks fail, return isValid as 0
 000001B7  C7 03 00000000		MOV		DWORD PTR [EBX], 0
 000001BD  EB 06			JMP		_ValidationDone

 000001BF			_ValidationSuccess:
					; If all checks pass, return isValid as 1
 000001BF  C7 03 00000001		MOV		DWORD PTR [EBX], 1

 000001C5			_ValidationDone:
 000001C5  61				POPAD
 000001C6  5D				POP		EBP
 000001C7  C2 000C			RET		12
 000001CA			ValidateInput ENDP

				; ---------------------------------------------------------------------
				; Name: ValidateNumber
				;
				; Validate the number entered by the user to ensure that it fits inside
				; the min/max of a SDWORD, so that it is capable of fitting inside a
				; 32 bit register.
				;
				; Preconditions:	Buffer is a BYTE array, bufferSize is a DWORD, and
				;					isValid is a BYTE. Max and min valid values are
				;					initialized to SDWORD upper and lower boundaries.
				;					Buffer contains the string input by the user and
				;					bufferSize contains the length of the string input
				;					by the user.
				;
				; Postconditions: validatedNums array contains number if valid.
				;
				; Receives:
				;		[EBP+8] = address of buffer size for user input.
				;		[EBP+12] = address of buffer for user input.
				;		[EBP+16] = address of boolean value isValid.
				;		[EBP+20] = value of max valid value for number.
				;		[EBP+24] = value of min valid value for number.
				;		[EBP+28] = address of array to store validated numbers.
				;
				; Returns:
				;		isValid as 1 if input is valid, 0 if input is invalid.
				; ---------------------------------------------------------------------
 000001CA			ValidateNumber PROC
					LOCAL	numIsNegative:BYTE
 000001CA  55		   *	    push   ebp
 000001CB  8B EC	   *	    mov    ebp, esp
 000001CD  83 C4 FC	   *	    add    esp, 0FFFFFFFCh
 000001D0  C6 45 FF 00			MOV		numIsNegative, 0
 000001D4  60				PUSHAD

 000001D5  8B 5D 08			MOV		EBX, [EBP+8]			; address of buffer size
 000001D8  8B 0B			MOV		ECX, [EBX]				; value of buffer size
 000001DA  8B 75 0C			MOV		ESI, [EBP+12]			; address of buffer

					; Check first buffer character to see if it's a sign
 000001DD  8B 06			MOV		EAX, [ESI]
 000001DF  3C 2B			CMP		AL, 43
 000001E1  74 06			JZ		_PositiveSign
 000001E3  3C 2D			CMP		AL, 45
 000001E5  74 08			JZ		_NegativeSign
 000001E7  EB 0D			JMP		_ReadyToCompute

					; If the first character is positive, advance ESI one character
 000001E9			_PositiveSign:
 000001E9  83 C6 01			ADD		ESI, 1
 000001EC  49				DEC		ECX
 000001ED  EB 07			JMP		_ReadyToCompute

					; If the first character is negative, advance ESI one character, set numIsNegative boolean
 000001EF			_NegativeSign:
 000001EF  FE 45 FF			INC		BYTE PTR numIsNegative
 000001F2  83 C6 01			ADD		ESI, 1
 000001F5  49				DEC		ECX

 000001F6			_ReadyToCompute:
					; Prepare EAX and direction flag for number computation
 000001F6  B8 00000000			MOV		EAX, 0
 000001FB  FC				CLD

					; Compute number from user input string
 000001FC			_ComputeNumber:
 000001FC  BA 0000000A			MOV		EDX, 10
 00000201  F7 E2			MUL		EDX
 00000203  50				PUSH	EAX
 00000204  AC				LODSB
 00000205  2C 30			SUB		AL, 48
 00000207  0F BE D8			MOVSX	EBX, AL
 0000020A  58				POP		EAX
 0000020B  03 C3			ADD		EAX, EBX

 0000020D  E2 ED			LOOP	_ComputeNumber

					; Determine if number is negative and go to appropriate limit check
 0000020F  80 7D FF 01			CMP		numIsNegative, 1
 00000213  74 07			JZ		_CheckMinLimit

 00000215			_CheckMaxLimit:
					; Check if number is above maximum value
 00000215  3B 45 14			CMP		EAX, [EBP+20]
 00000218  70 19			JO		_NumberInvalid
 0000021A  EB 07			JMP		_NumberValid

 0000021C			_CheckMinLimit:
					; Check if negative number is below minimum value
 0000021C  F7 D8			NEG		EAX
 0000021E  3B 45 18			CMP		EAX, [EBP+24]
 00000221  70 10			JO		_NumberInvalid

 00000223			_NumberValid:
					; Number is within SDWORD bounds, return isValid as 1
 00000223  8B 5D 10			MOV		EBX, [EBP+16]
 00000226  C7 03 00000001		MOV		DWORD PTR [EBX], 1

					; Store number now that it is validated
 0000022C  FC				CLD
 0000022D  8B 7D 1C			MOV		EDI, [EBP+28]
 00000230  AB				STOSD

 00000231  EB 09			JMP		_ValidationComplete

 00000233			_NumberInvalid:
					; Number is outside SDWORD bounds, return isValid as 0
 00000233  8B 5D 10			MOV		EBX, [EBP+16]
 00000236  C7 03 00000000		MOV		DWORD PTR [EBX], 0

 0000023C			_ValidationComplete:
 0000023C  61				POPAD
 0000023D  C9		   *	    leave  
 0000023E  C2 0018			RET		24
 00000241			ValidateNumber ENDP

				; ---------------------------------------------------------------------
				; Name: WriteVal
				;
				; Convert a numeric value into a string of ASCII digits and then display
				; the value to the console.
				;
				; Preconditions:	Buffer is a BYTE array and number is a SDWORD. Both
				;					identifiers are initialized and number is validated.
				;
				; Postconditions:	Buffer contains reversed number as string of ASCII
				;					digits.
				;
				; Receives:
				;		[EBP+8] = address of buffer for user input.
				;		[EBP+12] = value of number.
				;
				; Returns: None.
				; ---------------------------------------------------------------------
 00000241			WriteVal PROC
					LOCAL	numToWrite:SDWORD
					LOCAL	numIsNegative:BYTE
					LOCAL	numLength:DWORD
 00000241  55		   *	    push   ebp
 00000242  8B EC	   *	    mov    ebp, esp
 00000244  83 C4 F4	   *	    add    esp, 0FFFFFFF4h
 00000247  60				PUSHAD

 00000248  8B 7D 08			MOV		EDI, [EBP+8]			; Buffer to store ASCII digits
 0000024B  8B 45 0C			MOV		EAX, [EBP+12]			; Value of number to be converted
 0000024E  FC				CLD

					; Store number in local variable since EAX/EDX will be used for division
 0000024F  89 45 FC			MOV		numToWrite, EAX

					; Check number, and if negative, set numIsNegative boolean to true
 00000252  83 F8 00			CMP		EAX, 0
 00000255  7D 08			JGE		_ConvertNumber
 00000257  F7 D8			NEG		EAX
 00000259  FE 45 FB			INC		BYTE PTR numIsNegative
 0000025C  89 45 FC			MOV		numToWrite, EAX			; If negative, update numToWrite so value is positive

 0000025F			_ConvertNumber:
					; Strip off last digit using division and store in buffer
 0000025F  8B 45 FC			MOV		EAX, numToWrite
 00000262  BB 0000000A			MOV		EBX, 10
 00000267  99				CDQ
 00000268  F7 F3			DIV		EBX
 0000026A  50				PUSH	EAX
 0000026B  8A C2			MOV		AL, DL
 0000026D  04 30			ADD		AL, 48					; Convert back to ASCII character for number
 0000026F  AA				STOSB
 00000270  FF 45 F4			INC		numLength
 00000273  58				POP		EAX
 00000274  89 45 FC			MOV		numToWrite, EAX
 00000277  83 F8 00			CMP		EAX, 0
 0000027A  75 E3			JNZ		_ConvertNumber

					; Check if number is negative, and if so, add sign to end of string
 0000027C  80 7D FB 01			CMP		numIsNegative, 1
 00000280  75 06			JNZ		_ConversionDone
 00000282  B0 2D			MOV		AL, '-'
 00000284  AA				STOSB
 00000285  FF 45 F4			INC		numLength

 00000288			_ConversionDone:
					; Add null terminator to end of string to complete it
 00000288  B0 00			MOV		AL, 0
 0000028A  AA				STOSB

					; Check if number is single digit, and if so, it is ready to display
 0000028B  8B 45 F4			MOV		EAX, numLength
 0000028E  83 F8 01			CMP		EAX, 1
 00000291  74 09			JZ		_DisplayNumber

					; If number is two or more digits, the number is populated as
					; string of ASCII digits in reverse, so we reverse the string
					; to get the string to be displayed
 00000293  50				PUSH	EAX
 00000294  FF 75 08			PUSH	[EBP+8]
 00000297  E8 00000011			CALL	ReverseString

 0000029C			_DisplayNumber:
					; Display number to console
 0000029C  8B 75 08			MOV		ESI, [EBP+8]
					mDisplayString ESI
 0000029F  52		     1		PUSH	EDX
 000002A0  8B D6	     1		MOV		EDX, ESI
 000002A2  E8 00000000 E     1		CALL	WriteString
 000002A7  5A		     1		POP		EDX

 000002A8  61				POPAD
 000002A9  C9		   *	    leave  
 000002AA  C2 0008			RET		8
 000002AD			WriteVal ENDP

				; ---------------------------------------------------------------------
				; Name: ReverseString
				;
				; Reverses a string of ASCII digits that represents a number.
				;
				; Preconditions:	Buffer is a BYTE array and number length is a DWORD.
				;					Buffer contains a string of ASCII digits which
				;					represents a number and any sign. Length of number
				;					includes sign if number is negative.
				;
				; Postconditions: None.
				;
				; Receives:
				;		[EBP+8] = address of buffer for user input.
				;		[EBP+12] = value of length of number.
				;
				; Returns:
				;		Reversed string of ASCII digits representing a number.
				; ---------------------------------------------------------------------
 000002AD			ReverseString PROC
 000002AD  55				PUSH	EBP
 000002AE  8B EC			MOV		EBP, ESP
 000002B0  60				PUSHAD

					; To reverse the string in place, we use the two pointer technique
 000002B1  8B 7D 08			MOV		EDI, [EBP+8]
 000002B4  8B 75 08			MOV		ESI, [EBP+8]

					; EDI will track the beginning of the array, ESI tracks the end
 000002B7  03 75 0C			ADD		ESI, [EBP+12]
 000002BA  4E				DEC		ESI

					; To reverse the string, we will iterate through half the string
 000002BB  8B 45 0C			MOV		EAX, [EBP+12]
 000002BE  BB 00000002			MOV		EBX, 2
 000002C3  99				CDQ
 000002C4  F7 F3			DIV		EBX
 000002C6  8B C8			MOV		ECX, EAX
 000002C8			_ReverseDigits:
					; For each iteration, the first and last numbers are replaced
 000002C8  8A 07			MOV		BYTE PTR AL, [EDI]
 000002CA  8A 26			MOV		BYTE PTR AH, [ESI]
 000002CC  88 27			MOV		[EDI], BYTE PTR AH
 000002CE  88 06			MOV		[ESI], BYTE PTR AL

					; The front of the array (EDI) is then incremented by one
 000002D0  47				INC		EDI

					; The back of the array (ESI) is then decremented by one
 000002D1  4E				DEC		ESI

 000002D2  E2 F4			LOOP	_ReverseDigits
					
 000002D4  61				POPAD
 000002D5  5D				POP		EBP
 000002D6  C2 0008			RET		8
 000002D9			ReverseString ENDP

				; ---------------------------------------------------------------------
				; Name: CalculateSum
				;
				; Calculates the sum of the validated numbers entered by the user.
				;
				; Preconditions:	validatedNums is a SDWORD array initialized and
				;					populated with validated numbers for the entirety
				;					of its length. The length of the array is equal
				;					to the constant value NUMCOUNT. sumTotal is a
				;					SDWORD and is initialized.
				;
				; Postconditions: None.
				;
				; Receives:
				;		[EBP+8] = value of length of validatedNums array.
				;		[EBP+12] = address of array of validatedNums array.
				;		[EBP+16] = address of sumTotal to store results in.

				; Returns:
				;		Sum total of the numbers entered by the user in sumTotal.
				; ---------------------------------------------------------------------
 000002D9			CalculateSum PROC
 000002D9  55				PUSH	EBP
 000002DA  8B EC			MOV		EBP, ESP
 000002DC  60				PUSHAD

					; Running sum will be stored in EAX, address of array in ESI
 000002DD  B8 00000000			MOV		EAX, 0
 000002E2  8B 75 0C			MOV		ESI, [EBP+12]

					; Length of validatedNums array will be used as loop counter
 000002E5  8B 4D 08			MOV		ECX, [EBP+8]
 000002E8			_AddNumberToSum:
					; Add current number to running total then go to next number
 000002E8  03 06			ADD		EAX, [ESI]
 000002EA  83 C6 04			ADD		ESI, 4

 000002ED  E2 F9			LOOP	_AddNumberToSum

					; Store and return results
 000002EF  8B 7D 10			MOV		EDI, [EBP+16]
 000002F2  89 07			MOV		[EDI], EAX

 000002F4  61				POPAD
 000002F5  5D				POP		EBP
 000002F6  C2 000C			RET		12
 000002F9			CalculateSum ENDP

				; ---------------------------------------------------------------------
				; Name: CalculateAverage
				;
				; Calculates the rounded average of the validated numbers entered by the
				; user.
				;
				; Preconditions:	sumTotal is a SDWORD and is populated with the sum
				;					total of the validated numbers. The number count is
				;					equal to the constant value NUMCOUNT. numAvg is a
				;					SDWORD and is initialized.
				;
				; Postconditions: None.
				;
				; Receives:
				;		[EBP+8] = value of number count.
				;		[EBP+12] = value of total sum of numbers.
				;		[EBP+16] = address of numAvg to store results in.

				; Returns:
				;		Rounded average of the numbers entered by the user in numAvg.
				; ---------------------------------------------------------------------
 000002F9			CalculateAverage PROC
 000002F9  55				PUSH	EBP
 000002FA  8B EC			MOV		EBP, ESP
 000002FC  60				PUSHAD

					; Obtain rounded average by dividing sum total by count of numbers
 000002FD  8B 45 0C			MOV		EAX, [EBP+12]
 00000300  8B 5D 08			MOV		EBX, [EBP+8]
 00000303  99				CDQ
 00000304  F7 F3			DIV		EBX

					; Store and return results
 00000306  8B 7D 10			MOV		EDI, [EBP+16]
 00000309  89 07			MOV		[EDI], EAX

 0000030B  61				POPAD
 0000030C  5D				POP		EBP
 0000030D  C2 000C			RET		12
 00000310			CalculateAverage ENDP

				END main
Microsoft (R) Macro Assembler Version 14.27.29112.0	    11/29/20 06:18:55
<Designing Low-Level I/O Procedures & Macros     (Proj6_thom  Symbols 2 - 1




Macros:

                N a m e                 Type

mDisplayString . . . . . . . . .	Proc
mGetString . . . . . . . . . . .	Proc


Structures and Unions:

                N a m e                  Size
                                         Offset      Type

CONSOLE_CURSOR_INFO  . . . . . .	 00000008
  dwSize . . . . . . . . . . . .	 00000000	 DWord
  bVisible . . . . . . . . . . .	 00000004	 DWord
CONSOLE_SCREEN_BUFFER_INFO . . .	 00000016
  dwSize . . . . . . . . . . . .	 00000000	 DWord
  dwCursorPosition . . . . . . .	 00000004	 DWord
  wAttributes  . . . . . . . . .	 00000008	 Word
  srWindow . . . . . . . . . . .	 0000000A	 QWord
  dwMaximumWindowSize  . . . . .	 00000012	 DWord
COORD  . . . . . . . . . . . . .	 00000004
  X  . . . . . . . . . . . . . .	 00000000	 Word
  Y  . . . . . . . . . . . . . .	 00000002	 Word
FILETIME . . . . . . . . . . . .	 00000008
  loDateTime . . . . . . . . . .	 00000000	 DWord
  hiDateTime . . . . . . . . . .	 00000004	 DWord
FOCUS_EVENT_RECORD . . . . . . .	 00000004
  bSetFocus  . . . . . . . . . .	 00000000	 DWord
FPU_ENVIRON  . . . . . . . . . .	 0000001C
  controlWord  . . . . . . . . .	 00000000	 Word
  statusWord . . . . . . . . . .	 00000004	 Word
  tagWord  . . . . . . . . . . .	 00000008	 Word
  instrPointerOffset . . . . . .	 0000000C	 DWord
  instrPointerSelector . . . . .	 00000010	 DWord
  operandPointerOffset . . . . .	 00000014	 DWord
  operandPointerSelector . . . .	 00000018	 Word
INPUT_RECORD . . . . . . . . . .	 00000014
  EventType  . . . . . . . . . .	 00000000	 Word
  Event  . . . . . . . . . . . .	 00000004	 XmmWord
  bKeyDown . . . . . . . . . . .	 00000000	 DWord
  wRepeatCount . . . . . . . . .	 00000004	 Word
  wVirtualKeyCode  . . . . . . .	 00000006	 Word
  wVirtualScanCode . . . . . . .	 00000008	 Word
  uChar  . . . . . . . . . . . .	 0000000A	 Word
  UnicodeChar  . . . . . . . . .	 00000000	 Word
  AsciiChar  . . . . . . . . . .	 00000000	 Byte
  dwControlKeyState  . . . . . .	 0000000C	 DWord
  dwMousePosition  . . . . . . .	 00000000	 DWord
  dwButtonState  . . . . . . . .	 00000004	 DWord
  dwMouseControlKeyState . . . .	 00000008	 DWord
  dwEventFlags . . . . . . . . .	 0000000C	 DWord
  dwSize . . . . . . . . . . . .	 00000000	 DWord
  dwCommandId  . . . . . . . . .	 00000000	 DWord
  bSetFocus  . . . . . . . . . .	 00000000	 DWord
KEY_EVENT_RECORD . . . . . . . .	 00000010
  bKeyDown . . . . . . . . . . .	 00000000	 DWord
  wRepeatCount . . . . . . . . .	 00000004	 Word
  wVirtualKeyCode  . . . . . . .	 00000006	 Word
  wVirtualScanCode . . . . . . .	 00000008	 Word
  uChar  . . . . . . . . . . . .	 0000000A	 Word
  UnicodeChar  . . . . . . . . .	 00000000	 Word
  AsciiChar  . . . . . . . . . .	 00000000	 Byte
  dwControlKeyState  . . . . . .	 0000000C	 DWord
MENU_EVENT_RECORD  . . . . . . .	 00000004
  dwCommandId  . . . . . . . . .	 00000000	 DWord
MOUSE_EVENT_RECORD . . . . . . .	 00000010
  dwMousePosition  . . . . . . .	 00000000	 DWord
  dwButtonState  . . . . . . . .	 00000004	 DWord
  dwMouseControlKeyState . . . .	 00000008	 DWord
  dwEventFlags . . . . . . . . .	 0000000C	 DWord
SMALL_RECT . . . . . . . . . . .	 00000008
  Left . . . . . . . . . . . . .	 00000000	 Word
  Top  . . . . . . . . . . . . .	 00000002	 Word
  Right  . . . . . . . . . . . .	 00000004	 Word
  Bottom . . . . . . . . . . . .	 00000006	 Word
SYSTEMTIME . . . . . . . . . . .	 00000010
  wYear  . . . . . . . . . . . .	 00000000	 Word
  wMonth . . . . . . . . . . . .	 00000002	 Word
  wDayOfWeek . . . . . . . . . .	 00000004	 Word
  wDay . . . . . . . . . . . . .	 00000006	 Word
  wHour  . . . . . . . . . . . .	 00000008	 Word
  wMinute  . . . . . . . . . . .	 0000000A	 Word
  wSecond  . . . . . . . . . . .	 0000000C	 Word
  wMilliseconds  . . . . . . . .	 0000000E	 Word
WINDOW_BUFFER_SIZE_RECORD  . . .	 00000004
  dwSize . . . . . . . . . . . .	 00000000	 DWord


Segments and Groups:

                N a m e                 Size     Length   Align   Combine Class

FLAT . . . . . . . . . . . . . .	GROUP
STACK  . . . . . . . . . . . . .	32 Bit	 00001000 Para	  Stack	  'STACK'	 
_DATA  . . . . . . . . . . . . .	32 Bit	 000002B8 Para	  Public  'DATA'	
_TEXT  . . . . . . . . . . . . .	32 Bit	 00000310 Para	  Public  'CODE'	


Procedures, parameters, and locals:

                N a m e                 Type     Value    Attr

CalculateAverage . . . . . . . .	P Near	 000002F9 _TEXT	Length= 00000017 Public STDCALL
CalculateSum . . . . . . . . . .	P Near	 000002D9 _TEXT	Length= 00000020 Public STDCALL
  _AddNumberToSum  . . . . . . .	L Near	 000002E8 _TEXT	
CloseFile  . . . . . . . . . . .	P Near	 00000000 FLAT	Length= 00000000 External STDCALL
CloseHandle  . . . . . . . . . .	P Near	 00000000 FLAT	Length= 00000000 External STDCALL
Clrscr . . . . . . . . . . . . .	P Near	 00000000 FLAT	Length= 00000000 External STDCALL
CreateFileA  . . . . . . . . . .	P Near	 00000000 FLAT	Length= 00000000 External STDCALL
CreateOutputFile . . . . . . . .	P Near	 00000000 FLAT	Length= 00000000 External STDCALL
Crlf . . . . . . . . . . . . . .	P Near	 00000000 FLAT	Length= 00000000 External STDCALL
Delay  . . . . . . . . . . . . .	P Near	 00000000 FLAT	Length= 00000000 External STDCALL
DumpMem  . . . . . . . . . . . .	P Near	 00000000 FLAT	Length= 00000000 External STDCALL
DumpRegs . . . . . . . . . . . .	P Near	 00000000 FLAT	Length= 00000000 External STDCALL
ExitProcess  . . . . . . . . . .	P Near	 00000000 FLAT	Length= 00000000 External STDCALL
FileTimeToDosDateTime  . . . . .	P Near	 00000000 FLAT	Length= 00000000 External STDCALL
FileTimeToSystemTime . . . . . .	P Near	 00000000 FLAT	Length= 00000000 External STDCALL
FlushConsoleInputBuffer  . . . .	P Near	 00000000 FLAT	Length= 00000000 External STDCALL
FormatMessageA . . . . . . . . .	P Near	 00000000 FLAT	Length= 00000000 External STDCALL
GetCommandLineA  . . . . . . . .	P Near	 00000000 FLAT	Length= 00000000 External STDCALL
GetCommandTail . . . . . . . . .	P Near	 00000000 FLAT	Length= 00000000 External STDCALL
GetConsoleCP . . . . . . . . . .	P Near	 00000000 FLAT	Length= 00000000 External STDCALL
GetConsoleCursorInfo . . . . . .	P Near	 00000000 FLAT	Length= 00000000 External STDCALL
GetConsoleMode . . . . . . . . .	P Near	 00000000 FLAT	Length= 00000000 External STDCALL
GetConsoleScreenBufferInfo . . .	P Near	 00000000 FLAT	Length= 00000000 External STDCALL
GetDateTime  . . . . . . . . . .	P Near	 00000000 FLAT	Length= 00000000 External STDCALL
GetFileTime  . . . . . . . . . .	P Near	 00000000 FLAT	Length= 00000000 External STDCALL
GetKeyState  . . . . . . . . . .	P Near	 00000000 FLAT	Length= 00000000 External STDCALL
GetLastError . . . . . . . . . .	P Near	 00000000 FLAT	Length= 00000000 External STDCALL
GetLocalTime . . . . . . . . . .	P Near	 00000000 FLAT	Length= 00000000 External STDCALL
GetMaxXY . . . . . . . . . . . .	P Near	 00000000 FLAT	Length= 00000000 External STDCALL
GetMseconds  . . . . . . . . . .	P Near	 00000000 FLAT	Length= 00000000 External STDCALL
GetNumberOfConsoleInputEvents  .	P Near	 00000000 FLAT	Length= 00000000 External STDCALL
GetProcessHeap . . . . . . . . .	P Near	 00000000 FLAT	Length= 00000000 External STDCALL
GetStdHandle . . . . . . . . . .	P Near	 00000000 FLAT	Length= 00000000 External STDCALL
GetSystemTime  . . . . . . . . .	P Near	 00000000 FLAT	Length= 00000000 External STDCALL
GetTextColor . . . . . . . . . .	P Near	 00000000 FLAT	Length= 00000000 External STDCALL
GetTickCount . . . . . . . . . .	P Near	 00000000 FLAT	Length= 00000000 External STDCALL
Gotoxy . . . . . . . . . . . . .	P Near	 00000000 FLAT	Length= 00000000 External STDCALL
HeapAlloc  . . . . . . . . . . .	P Near	 00000000 FLAT	Length= 00000000 External STDCALL
HeapCreate . . . . . . . . . . .	P Near	 00000000 FLAT	Length= 00000000 External STDCALL
HeapDestroy  . . . . . . . . . .	P Near	 00000000 FLAT	Length= 00000000 External STDCALL
HeapFree . . . . . . . . . . . .	P Near	 00000000 FLAT	Length= 00000000 External STDCALL
HeapSize . . . . . . . . . . . .	P Near	 00000000 FLAT	Length= 00000000 External STDCALL
IsDigit  . . . . . . . . . . . .	P Near	 00000000 FLAT	Length= 00000000 External STDCALL
LocalFree  . . . . . . . . . . .	P Near	 00000000 FLAT	Length= 00000000 External STDCALL
MessageBoxA  . . . . . . . . . .	P Near	 00000000 FLAT	Length= 00000000 External STDCALL
MsgBoxAsk  . . . . . . . . . . .	P Near	 00000000 FLAT	Length= 00000000 External STDCALL
MsgBox . . . . . . . . . . . . .	P Near	 00000000 FLAT	Length= 00000000 External STDCALL
OpenInputFile  . . . . . . . . .	P Near	 00000000 FLAT	Length= 00000000 External STDCALL
ParseDecimal32 . . . . . . . . .	P Near	 00000000 FLAT	Length= 00000000 External STDCALL
ParseInteger32 . . . . . . . . .	P Near	 00000000 FLAT	Length= 00000000 External STDCALL
PeekConsoleInputA  . . . . . . .	P Near	 00000000 FLAT	Length= 00000000 External STDCALL
Random32 . . . . . . . . . . . .	P Near	 00000000 FLAT	Length= 00000000 External STDCALL
RandomRange  . . . . . . . . . .	P Near	 00000000 FLAT	Length= 00000000 External STDCALL
Randomize  . . . . . . . . . . .	P Near	 00000000 FLAT	Length= 00000000 External STDCALL
ReadChar . . . . . . . . . . . .	P Near	 00000000 FLAT	Length= 00000000 External STDCALL
ReadConsoleA . . . . . . . . . .	P Near	 00000000 FLAT	Length= 00000000 External STDCALL
ReadConsoleInputA  . . . . . . .	P Near	 00000000 FLAT	Length= 00000000 External STDCALL
ReadDec  . . . . . . . . . . . .	P Near	 00000000 FLAT	Length= 00000000 External STDCALL
ReadFile . . . . . . . . . . . .	P Near	 00000000 FLAT	Length= 00000000 External STDCALL
ReadFloat  . . . . . . . . . . .	P Near	 00000000 FLAT	Length= 00000000 External STDCALL
ReadFromFile . . . . . . . . . .	P Near	 00000000 FLAT	Length= 00000000 External STDCALL
ReadHex  . . . . . . . . . . . .	P Near	 00000000 FLAT	Length= 00000000 External STDCALL
ReadInt  . . . . . . . . . . . .	P Near	 00000000 FLAT	Length= 00000000 External STDCALL
ReadKeyFlush . . . . . . . . . .	P Near	 00000000 FLAT	Length= 00000000 External STDCALL
ReadKey  . . . . . . . . . . . .	P Near	 00000000 FLAT	Length= 00000000 External STDCALL
ReadString . . . . . . . . . . .	P Near	 00000000 FLAT	Length= 00000000 External STDCALL
ReadVal  . . . . . . . . . . . .	P Near	 0000011D _TEXT	Length= 0000006E Public STDCALL
  _GetNumber . . . . . . . . . .	L Near	 00000124 _TEXT	
  _CheckNumberSize . . . . . . .	L Near	 0000015C _TEXT	
  _DoneReadingValue  . . . . . .	L Near	 00000186 _TEXT	
ReverseString  . . . . . . . . .	P Near	 000002AD _TEXT	Length= 0000002C Public STDCALL
  _ReverseDigits . . . . . . . .	L Near	 000002C8 _TEXT	
SetConsoleCursorInfo . . . . . .	P Near	 00000000 FLAT	Length= 00000000 External STDCALL
SetConsoleCursorPosition . . . .	P Near	 00000000 FLAT	Length= 00000000 External STDCALL
SetConsoleMode . . . . . . . . .	P Near	 00000000 FLAT	Length= 00000000 External STDCALL
SetConsoleScreenBufferSize . . .	P Near	 00000000 FLAT	Length= 00000000 External STDCALL
SetConsoleTextAttribute  . . . .	P Near	 00000000 FLAT	Length= 00000000 External STDCALL
SetConsoleTitleA . . . . . . . .	P Near	 00000000 FLAT	Length= 00000000 External STDCALL
SetConsoleWindowInfo . . . . . .	P Near	 00000000 FLAT	Length= 00000000 External STDCALL
SetFilePointer . . . . . . . . .	P Near	 00000000 FLAT	Length= 00000000 External STDCALL
SetLocalTime . . . . . . . . . .	P Near	 00000000 FLAT	Length= 00000000 External STDCALL
SetTextColor . . . . . . . . . .	P Near	 00000000 FLAT	Length= 00000000 External STDCALL
ShowFPUStack . . . . . . . . . .	P Near	 00000000 FLAT	Length= 00000000 External STDCALL
ShowMessage  . . . . . . . . . .	P Near	 0000010C _TEXT	Length= 00000011 Public STDCALL
Sleep  . . . . . . . . . . . . .	P Near	 00000000 FLAT	Length= 00000000 External STDCALL
StrLength  . . . . . . . . . . .	P Near	 00000000 FLAT	Length= 00000000 External STDCALL
Str_compare  . . . . . . . . . .	P Near	 00000000 FLAT	Length= 00000000 External STDCALL
Str_copy . . . . . . . . . . . .	P Near	 00000000 FLAT	Length= 00000000 External STDCALL
Str_length . . . . . . . . . . .	P Near	 00000000 FLAT	Length= 00000000 External STDCALL
Str_trim . . . . . . . . . . . .	P Near	 00000000 FLAT	Length= 00000000 External STDCALL
Str_ucase  . . . . . . . . . . .	P Near	 00000000 FLAT	Length= 00000000 External STDCALL
SystemTimeToFileTime . . . . . .	P Near	 00000000 FLAT	Length= 00000000 External STDCALL
ValidateInput  . . . . . . . . .	P Near	 0000018B _TEXT	Length= 0000003F Public STDCALL
  _CheckUserInput  . . . . . . .	L Near	 000001A0 _TEXT	
  _CheckSignPass . . . . . . . .	L Near	 000001A9 _TEXT	
  _CheckSign . . . . . . . . . .	L Near	 000001AD _TEXT	
  _ValidationFail  . . . . . . .	L Near	 000001B7 _TEXT	
  _ValidationSuccess . . . . . .	L Near	 000001BF _TEXT	
  _ValidationDone  . . . . . . .	L Near	 000001C5 _TEXT	
ValidateNumber . . . . . . . . .	P Near	 000001CA _TEXT	Length= 00000077 Public STDCALL
  numIsNegative  . . . . . . . .	Byte	 bp - 00000001
  _PositiveSign  . . . . . . . .	L Near	 000001E9 _TEXT	
  _NegativeSign  . . . . . . . .	L Near	 000001EF _TEXT	
  _ReadyToCompute  . . . . . . .	L Near	 000001F6 _TEXT	
  _ComputeNumber . . . . . . . .	L Near	 000001FC _TEXT	
  _CheckMaxLimit . . . . . . . .	L Near	 00000215 _TEXT	
  _CheckMinLimit . . . . . . . .	L Near	 0000021C _TEXT	
  _NumberValid . . . . . . . . .	L Near	 00000223 _TEXT	
  _NumberInvalid . . . . . . . .	L Near	 00000233 _TEXT	
  _ValidationComplete  . . . . .	L Near	 0000023C _TEXT	
WaitMsg  . . . . . . . . . . . .	P Near	 00000000 FLAT	Length= 00000000 External STDCALL
WriteBinB  . . . . . . . . . . .	P Near	 00000000 FLAT	Length= 00000000 External STDCALL
WriteBin . . . . . . . . . . . .	P Near	 00000000 FLAT	Length= 00000000 External STDCALL
WriteChar  . . . . . . . . . . .	P Near	 00000000 FLAT	Length= 00000000 External STDCALL
WriteConsoleA  . . . . . . . . .	P Near	 00000000 FLAT	Length= 00000000 External STDCALL
WriteConsoleOutputAttribute  . .	P Near	 00000000 FLAT	Length= 00000000 External STDCALL
WriteConsoleOutputCharacterA . .	P Near	 00000000 FLAT	Length= 00000000 External STDCALL
WriteDec . . . . . . . . . . . .	P Near	 00000000 FLAT	Length= 00000000 External STDCALL
WriteFile  . . . . . . . . . . .	P Near	 00000000 FLAT	Length= 00000000 External STDCALL
WriteFloat . . . . . . . . . . .	P Near	 00000000 FLAT	Length= 00000000 External STDCALL
WriteHexB  . . . . . . . . . . .	P Near	 00000000 FLAT	Length= 00000000 External STDCALL
WriteHex . . . . . . . . . . . .	P Near	 00000000 FLAT	Length= 00000000 External STDCALL
WriteInt . . . . . . . . . . . .	P Near	 00000000 FLAT	Length= 00000000 External STDCALL
WriteStackFrameName  . . . . . .	P Near	 00000000 FLAT	Length= 00000000 External STDCALL
WriteStackFrame  . . . . . . . .	P Near	 00000000 FLAT	Length= 00000000 External STDCALL
WriteString  . . . . . . . . . .	P Near	 00000000 FLAT	Length= 00000000 External STDCALL
WriteToFile  . . . . . . . . . .	P Near	 00000000 FLAT	Length= 00000000 External STDCALL
WriteVal . . . . . . . . . . . .	P Near	 00000241 _TEXT	Length= 0000006C Public STDCALL
  numToWrite . . . . . . . . . .	DWord	 bp - 00000004
  numIsNegative  . . . . . . . .	Byte	 bp - 00000005
  numLength  . . . . . . . . . .	DWord	 bp - 0000000C
  _ConvertNumber . . . . . . . .	L Near	 0000025F _TEXT	
  _ConversionDone  . . . . . . .	L Near	 00000288 _TEXT	
  _DisplayNumber . . . . . . . .	L Near	 0000029C _TEXT	
WriteWindowsMsg  . . . . . . . .	P Near	 00000000 FLAT	Length= 00000000 External STDCALL
main . . . . . . . . . . . . . .	P Near	 00000000 _TEXT	Length= 0000010C Public STDCALL
  _GetValue  . . . . . . . . . .	L Near	 0000000F _TEXT	
  _WriteValue  . . . . . . . . .	L Near	 00000062 _TEXT	
  _ShowNumber  . . . . . . . . .	L Near	 0000008C _TEXT	
printf . . . . . . . . . . . . .	P Near	 00000000 FLAT	Length= 00000000 External C
scanf  . . . . . . . . . . . . .	P Near	 00000000 FLAT	Length= 00000000 External C
wsprintfA  . . . . . . . . . . .	P Near	 00000000 FLAT	Length= 00000000 External C


Symbols:

                N a m e                 Type     Value    Attr

@CodeSize  . . . . . . . . . . .	Number	 00000000h   
@DataSize  . . . . . . . . . . .	Number	 00000000h   
@Interface . . . . . . . . . . .	Number	 00000003h   
@Model . . . . . . . . . . . . .	Number	 00000007h   
@code  . . . . . . . . . . . . .	Text   	 _TEXT
@data  . . . . . . . . . . . . .	Text   	 FLAT
@fardata?  . . . . . . . . . . .	Text   	 FLAT
@fardata . . . . . . . . . . . .	Text   	 FLAT
@stack . . . . . . . . . . . . .	Text   	 FLAT
ALT_MASK . . . . . . . . . . . .	Number	 00000003h   
CAPSLOCK_ON  . . . . . . . . . .	Number	 00000080h   
CREATE_ALWAYS  . . . . . . . . .	Number	 00000002h   
CREATE_NEW . . . . . . . . . . .	Number	 00000001h   
CTRL_MASK  . . . . . . . . . . .	Number	 0000000Ch   
CreateFile . . . . . . . . . . .	Text   	 CreateFileA
DO_NOT_SHARE . . . . . . . . . .	Number	 00000000h   
ENABLE_ECHO_INPUT  . . . . . . .	Number	 00000004h   
ENABLE_LINE_INPUT  . . . . . . .	Number	 00000002h   
ENABLE_MOUSE_INPUT . . . . . . .	Number	 00000010h   
ENABLE_PROCESSED_INPUT . . . . .	Number	 00000001h   
ENABLE_PROCESSED_OUTPUT  . . . .	Number	 00000001h   
ENABLE_WINDOW_INPUT  . . . . . .	Number	 00000008h   
ENABLE_WRAP_AT_EOL_OUTPUT  . . .	Number	 00000002h   
ENHANCED_KEY . . . . . . . . . .	Number	 00000100h   
FALSE  . . . . . . . . . . . . .	Number	 00000000h   
FILE_APPEND_DATA . . . . . . . .	Number	 00000004h   
FILE_ATTRIBUTE_ARCHIVE . . . . .	Number	 00000020h   
FILE_ATTRIBUTE_COMPRESSED  . . .	Number	 00000800h   
FILE_ATTRIBUTE_DEVICE  . . . . .	Number	 00000040h   
FILE_ATTRIBUTE_DIRECTORY . . . .	Number	 00000010h   
FILE_ATTRIBUTE_ENCRYPTED . . . .	Number	 00004000h   
FILE_ATTRIBUTE_HIDDEN  . . . . .	Number	 00000002h   
FILE_ATTRIBUTE_NORMAL  . . . . .	Number	 00000080h   
FILE_ATTRIBUTE_NOT_CONTENT_INDEXED .	Number	 00002000h   
FILE_ATTRIBUTE_OFFLINE . . . . .	Number	 00001000h   
FILE_ATTRIBUTE_READONLY  . . . .	Number	 00000001h   
FILE_ATTRIBUTE_REPARSE_POINT . .	Number	 00000400h   
FILE_ATTRIBUTE_SPARSE_FILE . . .	Number	 00000200h   
FILE_ATTRIBUTE_SYSTEM  . . . . .	Number	 00000004h   
FILE_ATTRIBUTE_TEMPORARY . . . .	Number	 00000100h   
FILE_BEGIN . . . . . . . . . . .	Number	 00000000h   
FILE_CURRENT . . . . . . . . . .	Number	 00000001h   
FILE_DELETE_CHILD  . . . . . . .	Number	 00000040h   
FILE_END . . . . . . . . . . . .	Number	 00000002h   
FILE_READ_DATA . . . . . . . . .	Number	 00000001h   
FILE_SHARE_DELETE  . . . . . . .	Number	 00000004h   
FILE_SHARE_READ  . . . . . . . .	Number	 00000001h   
FILE_SHARE_WRITE . . . . . . . .	Number	 00000002h   
FILE_WRITE_DATA  . . . . . . . .	Number	 00000002h   
FOCUS_EVENT  . . . . . . . . . .	Number	 00000010h   
FORMAT_MESSAGE_ALLOCATE_BUFFER .	Number	 00000100h   
FORMAT_MESSAGE_FROM_SYSTEM . . .	Number	 00001000h   
FormatMessage  . . . . . . . . .	Text   	 FormatMessageA
GENERIC_ALL  . . . . . . . . . .	Number	 10000000h   
GENERIC_EXECUTE  . . . . . . . .	Number	 20000000h   
GENERIC_READ . . . . . . . . . .	Number	 -80000000h   
GENERIC_WRITE  . . . . . . . . .	Number	 40000000h   
GetCommandLine . . . . . . . . .	Text   	 GetCommandLineA
HANDLE . . . . . . . . . . . . .	Text   	 DWORD
HEAP_GENERATE_EXCEPTIONS . . . .	Number	 00000004h   
HEAP_GROWABLE  . . . . . . . . .	Number	 00000002h   
HEAP_NO_SERIALIZE  . . . . . . .	Number	 00000001h   
HEAP_REALLOC_IN_PLACE_ONLY . . .	Number	 00000010h   
HEAP_ZERO_MEMORY . . . . . . . .	Number	 00000008h   
IDABORT  . . . . . . . . . . . .	Number	 00000003h   
IDCANCEL . . . . . . . . . . . .	Number	 00000002h   
IDCLOSE  . . . . . . . . . . . .	Number	 00000008h   
IDCONTINUE . . . . . . . . . . .	Number	 0000000Bh   
IDHELP . . . . . . . . . . . . .	Number	 00000009h   
IDIGNORE . . . . . . . . . . . .	Number	 00000005h   
IDNO . . . . . . . . . . . . . .	Number	 00000007h   
IDOK . . . . . . . . . . . . . .	Number	 00000001h   
IDRETRY  . . . . . . . . . . . .	Number	 00000004h   
IDTIMEOUT  . . . . . . . . . . .	Number	 00007D00h   
IDTRYAGAIN . . . . . . . . . . .	Number	 0000000Ah   
IDYES  . . . . . . . . . . . . .	Number	 00000006h   
INVALID_HANDLE_VALUE . . . . . .	Number	 -00000001h   
KBDOWN_FLAG  . . . . . . . . . .	Number	 00000001h   
KEY_EVENT  . . . . . . . . . . .	Number	 00000001h   
KEY_MASKS  . . . . . . . . . . .	Number	 0000001Fh   
LEFT_ALT_PRESSED . . . . . . . .	Number	 00000002h   
LEFT_CTRL_PRESSED  . . . . . . .	Number	 00000008h   
MAXBUFFERSIZE  . . . . . . . . .	Number	 0000000Fh   
MAXVALIDVAL  . . . . . . . . . .	Number	 7FFFFFFFh   
MB_ABORTRETRYIGNORE  . . . . . .	Number	 00000002h   
MB_APPLMODAL . . . . . . . . . .	Number	 00000000h   
MB_CANCELTRYCONTINUE . . . . . .	Number	 00000006h   
MB_DEFBUTTON1  . . . . . . . . .	Number	 00000000h   
MB_DEFBUTTON2  . . . . . . . . .	Number	 00000100h   
MB_DEFBUTTON3  . . . . . . . . .	Number	 00000200h   
MB_DEFBUTTON4  . . . . . . . . .	Number	 00000300h   
MB_HELP  . . . . . . . . . . . .	Number	 00004000h   
MB_ICONASTERISK  . . . . . . . .	Number	 00000040h   
MB_ICONERROR . . . . . . . . . .	Number	 00000010h   
MB_ICONEXCLAMATION . . . . . . .	Number	 00000030h   
MB_ICONHAND  . . . . . . . . . .	Number	 00000010h   
MB_ICONINFORMATION . . . . . . .	Number	 00000040h   
MB_ICONQUESTION  . . . . . . . .	Number	 00000020h   
MB_ICONSTOP  . . . . . . . . . .	Number	 00000010h   
MB_ICONWARNING . . . . . . . . .	Number	 00000030h   
MB_OKCANCEL  . . . . . . . . . .	Number	 00000001h   
MB_OK  . . . . . . . . . . . . .	Number	 00000000h   
MB_RETRYCANCEL . . . . . . . . .	Number	 00000005h   
MB_SYSTEMMODAL . . . . . . . . .	Number	 00001000h   
MB_TASKMODAL . . . . . . . . . .	Number	 00002000h   
MB_USERICON  . . . . . . . . . .	Number	 00000080h   
MB_YESNOCANCEL . . . . . . . . .	Number	 00000003h   
MB_YESNO . . . . . . . . . . . .	Number	 00000004h   
MENU_EVENT . . . . . . . . . . .	Number	 00000008h   
MINVALIDVAL  . . . . . . . . . .	Number	 -80000000h   
MOUSE_EVENT  . . . . . . . . . .	Number	 00000002h   
MessageBox . . . . . . . . . . .	Text   	 MessageBoxA
NULL . . . . . . . . . . . . . .	Number	 00000000h   
NUMCOUNT . . . . . . . . . . . .	Number	 0000000Ah   
NUMLOCK_ON . . . . . . . . . . .	Number	 00000020h   
OPEN_ALWAYS  . . . . . . . . . .	Number	 00000004h   
OPEN_EXISTING  . . . . . . . . .	Number	 00000003h   
PeekConsoleInput . . . . . . . .	Text   	 PeekConsoleInputA
RIGHT_ALT_PRESSED  . . . . . . .	Number	 00000001h   
RIGHT_CTRL_PRESSED . . . . . . .	Number	 00000004h   
ReadConsoleInput . . . . . . . .	Text   	 ReadConsoleInputA
ReadConsole  . . . . . . . . . .	Text   	 ReadConsoleA
SCROLLLOCK_ON  . . . . . . . . .	Number	 00000040h   
SHIFT_MASK . . . . . . . . . . .	Number	 00000010h   
SHIFT_PRESSED  . . . . . . . . .	Number	 00000010h   
STD_ERROR_HANDLE . . . . . . . .	Number	 -0000000Ch   
STD_INPUT_HANDLE . . . . . . . .	Number	 -0000000Ah   
STD_OUTPUT_HANDLE  . . . . . . .	Number	 -0000000Bh   
SetConsoleTitle  . . . . . . . .	Text   	 SetConsoleTitleA
TAB  . . . . . . . . . . . . . .	Number	 00000009h   
TRUE . . . . . . . . . . . . . .	Number	 00000001h   
TRUNCATE_EXISTING  . . . . . . .	Number	 00000005h   
VK_11  . . . . . . . . . . . . .	Number	 000000BDh   
VK_12  . . . . . . . . . . . . .	Number	 000000BBh   
VK_ADD . . . . . . . . . . . . .	Number	 0000006Bh   
VK_BACK  . . . . . . . . . . . .	Number	 00000008h   
VK_CANCEL  . . . . . . . . . . .	Number	 00000003h   
VK_CAPITAL . . . . . . . . . . .	Number	 00000014h   
VK_CLEAR . . . . . . . . . . . .	Number	 0000000Ch   
VK_CONTROL . . . . . . . . . . .	Number	 00000011h   
VK_DECIMAL . . . . . . . . . . .	Number	 0000006Eh   
VK_DELETE  . . . . . . . . . . .	Number	 0000002Eh   
VK_DIVIDE  . . . . . . . . . . .	Number	 0000006Fh   
VK_DOWN  . . . . . . . . . . . .	Number	 00000028h   
VK_END . . . . . . . . . . . . .	Number	 00000023h   
VK_ESCAPE  . . . . . . . . . . .	Number	 0000001Bh   
VK_EXECUTE . . . . . . . . . . .	Number	 0000002Bh   
VK_F10 . . . . . . . . . . . . .	Number	 00000079h   
VK_F11 . . . . . . . . . . . . .	Number	 0000007Ah   
VK_F12 . . . . . . . . . . . . .	Number	 0000007Bh   
VK_F13 . . . . . . . . . . . . .	Number	 0000007Ch   
VK_F14 . . . . . . . . . . . . .	Number	 0000007Dh   
VK_F15 . . . . . . . . . . . . .	Number	 0000007Eh   
VK_F16 . . . . . . . . . . . . .	Number	 0000007Fh   
VK_F17 . . . . . . . . . . . . .	Number	 00000080h   
VK_F18 . . . . . . . . . . . . .	Number	 00000081h   
VK_F19 . . . . . . . . . . . . .	Number	 00000082h   
VK_F1  . . . . . . . . . . . . .	Number	 00000070h   
VK_F20 . . . . . . . . . . . . .	Number	 00000083h   
VK_F21 . . . . . . . . . . . . .	Number	 00000084h   
VK_F22 . . . . . . . . . . . . .	Number	 00000085h   
VK_F23 . . . . . . . . . . . . .	Number	 00000086h   
VK_F24 . . . . . . . . . . . . .	Number	 00000087h   
VK_F2  . . . . . . . . . . . . .	Number	 00000071h   
VK_F3  . . . . . . . . . . . . .	Number	 00000072h   
VK_F4  . . . . . . . . . . . . .	Number	 00000073h   
VK_F5  . . . . . . . . . . . . .	Number	 00000074h   
VK_F6  . . . . . . . . . . . . .	Number	 00000075h   
VK_F7  . . . . . . . . . . . . .	Number	 00000076h   
VK_F8  . . . . . . . . . . . . .	Number	 00000077h   
VK_F9  . . . . . . . . . . . . .	Number	 00000078h   
VK_HELP  . . . . . . . . . . . .	Number	 0000002Fh   
VK_HOME  . . . . . . . . . . . .	Number	 00000024h   
VK_INSERT  . . . . . . . . . . .	Number	 0000002Dh   
VK_LBUTTON . . . . . . . . . . .	Number	 00000001h   
VK_LCONTROL  . . . . . . . . . .	Number	 000000A2h   
VK_LEFT  . . . . . . . . . . . .	Number	 00000025h   
VK_LMENU . . . . . . . . . . . .	Number	 000000A4h   
VK_LSHIFT  . . . . . . . . . . .	Number	 000000A0h   
VK_MENU  . . . . . . . . . . . .	Number	 00000012h   
VK_MULTIPLY  . . . . . . . . . .	Number	 0000006Ah   
VK_NEXT  . . . . . . . . . . . .	Number	 00000022h   
VK_NUMLOCK . . . . . . . . . . .	Number	 00000090h   
VK_NUMPAD0 . . . . . . . . . . .	Number	 00000060h   
VK_NUMPAD1 . . . . . . . . . . .	Number	 00000061h   
VK_NUMPAD2 . . . . . . . . . . .	Number	 00000062h   
VK_NUMPAD3 . . . . . . . . . . .	Number	 00000063h   
VK_NUMPAD4 . . . . . . . . . . .	Number	 00000064h   
VK_NUMPAD5 . . . . . . . . . . .	Number	 00000065h   
VK_NUMPAD6 . . . . . . . . . . .	Number	 00000066h   
VK_NUMPAD7 . . . . . . . . . . .	Number	 00000067h   
VK_NUMPAD8 . . . . . . . . . . .	Number	 00000068h   
VK_NUMPAD9 . . . . . . . . . . .	Number	 00000069h   
VK_PAUSE . . . . . . . . . . . .	Number	 00000013h   
VK_PRINT . . . . . . . . . . . .	Number	 0000002Ah   
VK_PRIOR . . . . . . . . . . . .	Number	 00000021h   
VK_RBUTTON . . . . . . . . . . .	Number	 00000002h   
VK_RCONTROL  . . . . . . . . . .	Number	 000000A3h   
VK_RETURN  . . . . . . . . . . .	Number	 0000000Dh   
VK_RIGHT . . . . . . . . . . . .	Number	 00000027h   
VK_RMENU . . . . . . . . . . . .	Number	 000000A5h   
VK_RSHIFT  . . . . . . . . . . .	Number	 000000A1h   
VK_SCROLL  . . . . . . . . . . .	Number	 00000091h   
VK_SEPARATER . . . . . . . . . .	Number	 0000006Ch   
VK_SHIFT . . . . . . . . . . . .	Number	 00000010h   
VK_SNAPSHOT  . . . . . . . . . .	Number	 0000002Ch   
VK_SPACE . . . . . . . . . . . .	Number	 00000020h   
VK_SUBTRACT  . . . . . . . . . .	Number	 0000006Dh   
VK_TAB . . . . . . . . . . . . .	Number	 00000009h   
VK_UP  . . . . . . . . . . . . .	Number	 00000026h   
WINDOW_BUFFER_SIZE_EVENT . . . .	Number	 00000004h   
WriteConsoleOutputCharacter  . .	Text   	 WriteConsoleOutputCharacterA
WriteConsole . . . . . . . . . .	Text   	 WriteConsoleA
black  . . . . . . . . . . . . .	Number	 00000000h   
blue . . . . . . . . . . . . . .	Number	 00000001h   
brown  . . . . . . . . . . . . .	Number	 00000006h   
bufferSize . . . . . . . . . . .	DWord	 00000280 _DATA	
buffer . . . . . . . . . . . . .	Byte	 00000271 _DATA	
cyan . . . . . . . . . . . . . .	Number	 00000003h   
errorMessage . . . . . . . . . .	Byte	 00000192 _DATA	
exit . . . . . . . . . . . . . .	Text   	 INVOKE ExitProcess,0
goodbyeMessage . . . . . . . . .	Byte	 00000132 _DATA	
gray . . . . . . . . . . . . . .	Number	 00000008h   
green  . . . . . . . . . . . . .	Number	 00000002h   
introMessage . . . . . . . . . .	Byte	 00000000 _DATA	
isNumberValid  . . . . . . . . .	DWord	 00000284 _DATA	
lightBlue  . . . . . . . . . . .	Number	 00000009h   
lightCyan  . . . . . . . . . . .	Number	 0000000Bh   
lightGray  . . . . . . . . . . .	Number	 00000007h   
lightGreen . . . . . . . . . . .	Number	 0000000Ah   
lightMagenta . . . . . . . . . .	Number	 0000000Dh   
lightRed . . . . . . . . . . . .	Number	 0000000Ch   
magenta  . . . . . . . . . . . .	Number	 00000005h   
numAvg . . . . . . . . . . . . .	DWord	 000002B4 _DATA	
numberPrompt . . . . . . . . . .	Byte	 00000173 _DATA	
red  . . . . . . . . . . . . . .	Number	 00000004h   
resultPrompt1  . . . . . . . . .	Byte	 00000202 _DATA	
roundedAvgMsg  . . . . . . . . .	Byte	 00000243 _DATA	
sumTotalMsg  . . . . . . . . . .	Byte	 00000221 _DATA	
sumTotal . . . . . . . . . . . .	DWord	 000002B0 _DATA	
validatedNums  . . . . . . . . .	DWord	 00000288 _DATA	
white  . . . . . . . . . . . . .	Number	 0000000Fh   
wsprintf . . . . . . . . . . . .	Text   	 wsprintfA
yellow . . . . . . . . . . . . .	Number	 0000000Eh   

	   0 Warnings
	   0 Errors
